# JRE version: OpenJDK Runtime Environment (17.0.6) (build 17.0.6+0-b2043.56-10027231)
# Java VM: OpenJDK 64-Bit Server VM (17.0.6+0-b2043.56-10027231, mixed mode, tiered, compressed oops, compressed class ptrs, g1 gc, windows-amd64)
GC Precious Log:
 CPUs: 12 total, 12 available
 Memory: 5989M
 Large Page Support: Disabled
 NUMA Support: Disabled
 Compressed Oops: Enabled (Zero based)
 Heap Region Size: 2M
 Heap Min Capacity: 8M
 Heap Initial Capacity: 94M
 Heap Max Capacity: 4G
 Pre-touch: Disabled
 Parallel Workers: 10
 Concurrent Workers: 3
 Concurrent Refinement Workers: 10
 Periodic GC: Disabled
Heap:
 garbage-first heap   total 583680K, used 350999K [0x0000000700000000, 0x0000000800000000)
  region size 2048K, 10 young (20480K), 10 survivors (20480K)
 Metaspace       used 143525K, committed 144768K, reserved 1179648K
  class space    used 19934K, committed 20480K, reserved 1048576K
GC Heap History (20 events):
Event: 75.043 GC heap after
{Heap after GC invocations=64 (full 0):
 garbage-first heap   total 264192K, used 142957K [0x0000000700000000, 0x0000000800000000)
  region size 2048K, 4 young (8192K), 4 survivors (8192K)
 Metaspace       used 106248K, committed 107328K, reserved 1146880K
  class space    used 14529K, committed 14976K, reserved 1048576K
}
Event: 83.907 GC heap before
{Heap before GC invocations=65 (full 0):
 garbage-first heap   total 264192K, used 212589K [0x0000000700000000, 0x0000000800000000)
  region size 2048K, 39 young (79872K), 4 survivors (8192K)
 Metaspace       used 108040K, committed 109120K, reserved 1146880K
  class space    used 14824K, committed 15296K, reserved 1048576K
}
Event: 84.116 GC heap after
{Heap after GC invocations=66 (full 0):
 garbage-first heap   total 446464K, used 148241K [0x0000000700000000, 0x0000000800000000)
  region size 2048K, 3 young (6144K), 3 survivors (6144K)
 Metaspace       used 108040K, committed 109120K, reserved 1146880K
  class space    used 14824K, committed 15296K, reserved 1048576K
}
Event: 86.016 GC heap before
{Heap before GC invocations=66 (full 0):
 garbage-first heap   total 446464K, used 162577K [0x0000000700000000, 0x0000000800000000)
  region size 2048K, 10 young (20480K), 3 survivors (6144K)
 Metaspace       used 108485K, committed 109568K, reserved 1146880K
  class space    used 14869K, committed 15360K, reserved 1048576K
}
Event: 86.031 GC heap after
{Heap after GC invocations=67 (full 0):
 garbage-first heap   total 446464K, used 148057K [0x0000000700000000, 0x0000000800000000)
  region size 2048K, 1 young (2048K), 1 survivors (2048K)
 Metaspace       used 108485K, committed 109568K, reserved 1146880K
  class space    used 14869K, committed 15360K, reserved 1048576K
}
Event: 126.132 GC heap before
{Heap before GC invocations=67 (full 0):
 garbage-first heap   total 446464K, used 383577K [0x0000000700000000, 0x0000000800000000)
  region size 2048K, 90 young (184320K), 1 survivors (2048K)
 Metaspace       used 113709K, committed 114880K, reserved 1155072K
  class space    used 15435K, committed 15936K, reserved 1048576K
}
Event: 126.199 GC heap after
{Heap after GC invocations=68 (full 0):
 garbage-first heap   total 446464K, used 217613K [0x0000000700000000, 0x0000000800000000)
  region size 2048K, 9 young (18432K), 9 survivors (18432K)
 Metaspace       used 113709K, committed 114880K, reserved 1155072K
  class space    used 15435K, committed 15936K, reserved 1048576K
}
Event: 127.540 GC heap before
{Heap before GC invocations=68 (full 0):
 garbage-first heap   total 446464K, used 410125K [0x0000000700000000, 0x0000000800000000)
  region size 2048K, 78 young (159744K), 9 survivors (18432K)
 Metaspace       used 114035K, committed 115200K, reserved 1155072K
  class space    used 15448K, committed 15936K, reserved 1048576K
}
Event: 127.577 GC heap after
{Heap after GC invocations=69 (full 0):
 garbage-first heap   total 446464K, used 274384K [0x0000000700000000, 0x0000000800000000)
  region size 2048K, 2 young (4096K), 2 survivors (4096K)
 Metaspace       used 114035K, committed 115200K, reserved 1155072K
  class space    used 15448K, committed 15936K, reserved 1048576K
}
Event: 129.023 GC heap before
{Heap before GC invocations=70 (full 0):
 garbage-first heap   total 583680K, used 376784K [0x0000000700000000, 0x0000000800000000)
  region size 2048K, 52 young (106496K), 2 survivors (4096K)
 Metaspace       used 114026K, committed 115200K, reserved 1155072K
  class space    used 15443K, committed 15936K, reserved 1048576K
}
Event: 129.028 GC heap after
{Heap after GC invocations=71 (full 0):
 garbage-first heap   total 583680K, used 274892K [0x0000000700000000, 0x0000000800000000)
  region size 2048K, 2 young (4096K), 2 survivors (4096K)
 Metaspace       used 114026K, committed 115200K, reserved 1155072K
  class space    used 15443K, committed 15936K, reserved 1048576K
}
Event: 129.483 GC heap before
{Heap before GC invocations=71 (full 0):
 garbage-first heap   total 583680K, used 297420K [0x0000000700000000, 0x0000000800000000)
  region size 2048K, 14 young (28672K), 2 survivors (4096K)
 Metaspace       used 114889K, committed 115968K, reserved 1155072K
  class space    used 15569K, committed 16000K, reserved 1048576K
}
Event: 129.491 GC heap after
{Heap after GC invocations=72 (full 0):
 garbage-first heap   total 583680K, used 273594K [0x0000000700000000, 0x0000000800000000)
  region size 2048K, 1 young (2048K), 1 survivors (2048K)
 Metaspace       used 114889K, committed 115968K, reserved 1155072K
  class space    used 15569K, committed 16000K, reserved 1048576K
}
Event: 134.160 GC heap before
{Heap before GC invocations=72 (full 0):
 garbage-first heap   total 583680K, used 500922K [0x0000000700000000, 0x0000000800000000)
  region size 2048K, 108 young (221184K), 1 survivors (2048K)
 Metaspace       used 134094K, committed 135296K, reserved 1171456K
  class space    used 18306K, committed 18816K, reserved 1048576K
}
Event: 134.184 GC heap after
{Heap after GC invocations=73 (full 0):
 garbage-first heap   total 583680K, used 296138K [0x0000000700000000, 0x0000000800000000)
  region size 2048K, 10 young (20480K), 10 survivors (20480K)
 Metaspace       used 134094K, committed 135296K, reserved 1171456K
  class space    used 18306K, committed 18816K, reserved 1048576K
}
Event: 135.401 GC heap before
{Heap before GC invocations=73 (full 0):
 garbage-first heap   total 583680K, used 482506K [0x0000000700000000, 0x0000000800000000)
  region size 2048K, 102 young (208896K), 10 survivors (20480K)
 Metaspace       used 140044K, committed 141248K, reserved 1171456K
  class space    used 19383K, committed 19904K, reserved 1048576K
}
Event: 135.439 GC heap after
{Heap after GC invocations=74 (full 0):
 garbage-first heap   total 583680K, used 317408K [0x0000000700000000, 0x0000000800000000)
  region size 2048K, 12 young (24576K), 12 survivors (24576K)
 Metaspace       used 140044K, committed 141248K, reserved 1171456K
  class space    used 19383K, committed 19904K, reserved 1048576K
}
Event: 136.079 GC heap before
{Heap before GC invocations=74 (full 0):
 garbage-first heap   total 583680K, used 479200K [0x0000000700000000, 0x0000000800000000)
  region size 2048K, 92 young (188416K), 12 survivors (24576K)
 Metaspace       used 142240K, committed 143488K, reserved 1179648K
  class space    used 19768K, committed 20288K, reserved 1048576K
}
Event: 136.197 GC heap after
{Heap after GC invocations=75 (full 0):
 garbage-first heap   total 583680K, used 334359K [0x0000000700000000, 0x0000000800000000)
  region size 2048K, 11 young (22528K), 11 survivors (22528K)
 Metaspace       used 142240K, committed 143488K, reserved 1179648K
  class space    used 19768K, committed 20288K, reserved 1048576K
}
Event: 136.954 GC heap before
{Heap before GC invocations=75 (full 0):
 garbage-first heap   total 583680K, used 479767K [0x0000000700000000, 0x0000000800000000)
  region size 2048K, 83 young (169984K), 11 survivors (22528K)
 Metaspace       used 143525K, committed 144768K, reserved 1179648K
  class space    used 19934K, committed 20480K, reserved 1048576K
}

