# JRE version: OpenJDK Runtime Environment (17.0.6) (build 17.0.6+0-b2043.56-10027231)
# Java VM: OpenJDK 64-Bit Server VM (17.0.6+0-b2043.56-10027231, mixed mode, tiered, compressed oops, compressed class ptrs, g1 gc, windows-amd64)
GC Precious Log:
 CPUs: 12 total, 12 available
 Memory: 5989M
 Large Page Support: Disabled
 NUMA Support: Disabled
 Compressed Oops: Enabled (Zero based)
 Heap Region Size: 2M
 Heap Min Capacity: 8M
 Heap Initial Capacity: 94M
 Heap Max Capacity: 4G
 Pre-touch: Disabled
 Parallel Workers: 10
 Concurrent Workers: 3
 Concurrent Refinement Workers: 10
 Periodic GC: Disabled
Heap:
 garbage-first heap   total 593920K, used 233870K [0x0000000700000000, 0x0000000800000000)
  region size 2048K, 4 young (8192K), 4 survivors (8192K)
 Metaspace       used 125379K, committed 126592K, reserved 1163264K
  class space    used 17929K, committed 18432K, reserved 1048576K
GC Heap History (20 events):
Event: 26.413 GC heap after
{Heap after GC invocations=52 (full 0):
 garbage-first heap   total 233472K, used 130515K [0x0000000700000000, 0x0000000800000000)
  region size 2048K, 1 young (2048K), 1 survivors (2048K)
 Metaspace       used 100887K, committed 101824K, reserved 1138688K
  class space    used 13899K, committed 14272K, reserved 1048576K
}
Event: 27.275 GC heap before
{Heap before GC invocations=52 (full 0):
 garbage-first heap   total 233472K, used 179667K [0x0000000700000000, 0x0000000800000000)
  region size 2048K, 26 young (53248K), 1 survivors (2048K)
 Metaspace       used 102835K, committed 103808K, reserved 1138688K
  class space    used 14125K, committed 14528K, reserved 1048576K
}
Event: 27.290 GC heap after
{Heap after GC invocations=53 (full 0):
 garbage-first heap   total 233472K, used 138992K [0x0000000700000000, 0x0000000800000000)
  region size 2048K, 4 young (8192K), 4 survivors (8192K)
 Metaspace       used 102835K, committed 103808K, reserved 1138688K
  class space    used 14125K, committed 14528K, reserved 1048576K
}
Event: 28.632 GC heap before
{Heap before GC invocations=54 (full 0):
 garbage-first heap   total 243712K, used 182000K [0x0000000700000000, 0x0000000800000000)
  region size 2048K, 26 young (53248K), 4 survivors (8192K)
 Metaspace       used 104844K, committed 105920K, reserved 1146880K
  class space    used 14350K, committed 14848K, reserved 1048576K
}
Event: 28.661 GC heap after
{Heap after GC invocations=55 (full 0):
 garbage-first heap   total 243712K, used 143379K [0x0000000700000000, 0x0000000800000000)
  region size 2048K, 3 young (6144K), 3 survivors (6144K)
 Metaspace       used 104844K, committed 105920K, reserved 1146880K
  class space    used 14350K, committed 14848K, reserved 1048576K
}
Event: 28.795 GC heap before
{Heap before GC invocations=55 (full 0):
 garbage-first heap   total 243712K, used 147475K [0x0000000700000000, 0x0000000800000000)
  region size 2048K, 5 young (10240K), 3 survivors (6144K)
 Metaspace       used 104844K, committed 105920K, reserved 1146880K
  class space    used 14350K, committed 14848K, reserved 1048576K
}
Event: 28.813 GC heap after
{Heap after GC invocations=56 (full 0):
 garbage-first heap   total 243712K, used 143265K [0x0000000700000000, 0x0000000800000000)
  region size 2048K, 1 young (2048K), 1 survivors (2048K)
 Metaspace       used 104844K, committed 105920K, reserved 1146880K
  class space    used 14350K, committed 14848K, reserved 1048576K
}
Event: 46.416 GC heap before
{Heap before GC invocations=56 (full 0):
 garbage-first heap   total 243712K, used 190369K [0x0000000700000000, 0x0000000800000000)
  region size 2048K, 25 young (51200K), 1 survivors (2048K)
 Metaspace       used 106284K, committed 107392K, reserved 1146880K
  class space    used 14625K, committed 15104K, reserved 1048576K
}
Event: 46.424 GC heap after
{Heap after GC invocations=57 (full 0):
 garbage-first heap   total 593920K, used 146301K [0x0000000700000000, 0x0000000800000000)
  region size 2048K, 2 young (4096K), 2 survivors (4096K)
 Metaspace       used 106284K, committed 107392K, reserved 1146880K
  class space    used 14625K, committed 15104K, reserved 1048576K
}
Event: 61.333 GC heap before
{Heap before GC invocations=57 (full 0):
 garbage-first heap   total 593920K, used 488317K [0x0000000700000000, 0x0000000800000000)
  region size 2048K, 116 young (237568K), 2 survivors (4096K)
 Metaspace       used 111881K, committed 113024K, reserved 1146880K
  class space    used 15343K, committed 15808K, reserved 1048576K
}
Event: 61.434 GC heap after
{Heap after GC invocations=58 (full 0):
 garbage-first heap   total 593920K, used 219875K [0x0000000700000000, 0x0000000800000000)
  region size 2048K, 11 young (22528K), 11 survivors (22528K)
 Metaspace       used 111881K, committed 113024K, reserved 1146880K
  class space    used 15343K, committed 15808K, reserved 1048576K
}
Event: 65.778 GC heap before
{Heap before GC invocations=58 (full 0):
 garbage-first heap   total 593920K, used 449251K [0x0000000700000000, 0x0000000800000000)
  region size 2048K, 124 young (253952K), 11 survivors (22528K)
 Metaspace       used 118271K, committed 119424K, reserved 1155072K
  class space    used 16360K, committed 16832K, reserved 1048576K
}
Event: 67.340 GC heap after
{Heap after GC invocations=59 (full 0):
 garbage-first heap   total 593920K, used 203240K [0x0000000700000000, 0x0000000800000000)
  region size 2048K, 16 young (32768K), 16 survivors (32768K)
 Metaspace       used 118271K, committed 119424K, reserved 1155072K
  class space    used 16360K, committed 16832K, reserved 1048576K
}
Event: 67.358 GC heap before
{Heap before GC invocations=59 (full 0):
 garbage-first heap   total 593920K, used 205288K [0x0000000700000000, 0x0000000800000000)
  region size 2048K, 17 young (34816K), 16 survivors (32768K)
 Metaspace       used 118366K, committed 119488K, reserved 1155072K
  class space    used 16379K, committed 16832K, reserved 1048576K
}
Event: 67.380 GC heap after
{Heap after GC invocations=60 (full 0):
 garbage-first heap   total 593920K, used 205733K [0x0000000700000000, 0x0000000800000000)
  region size 2048K, 3 young (6144K), 3 survivors (6144K)
 Metaspace       used 118366K, committed 119488K, reserved 1155072K
  class space    used 16379K, committed 16832K, reserved 1048576K
}
Event: 67.746 GC heap before
{Heap before GC invocations=60 (full 0):
 garbage-first heap   total 593920K, used 269221K [0x0000000700000000, 0x0000000800000000)
  region size 2048K, 34 young (69632K), 3 survivors (6144K)
 Metaspace       used 120812K, committed 121984K, reserved 1155072K
  class space    used 16997K, committed 17536K, reserved 1048576K
}
Event: 67.763 GC heap after
{Heap after GC invocations=61 (full 0):
 garbage-first heap   total 593920K, used 212485K [0x0000000700000000, 0x0000000800000000)
  region size 2048K, 5 young (10240K), 5 survivors (10240K)
 Metaspace       used 120812K, committed 121984K, reserved 1155072K
  class space    used 16997K, committed 17536K, reserved 1048576K
}
Event: 68.026 GC heap before
{Heap before GC invocations=61 (full 0):
 garbage-first heap   total 593920K, used 284165K [0x0000000700000000, 0x0000000800000000)
  region size 2048K, 40 young (81920K), 5 survivors (10240K)
 Metaspace       used 122202K, committed 123456K, reserved 1163264K
  class space    used 17290K, committed 17856K, reserved 1048576K
}
Event: 68.273 GC heap after
{Heap after GC invocations=62 (full 0):
 garbage-first heap   total 593920K, used 224409K [0x0000000700000000, 0x0000000800000000)
  region size 2048K, 5 young (10240K), 5 survivors (10240K)
 Metaspace       used 122202K, committed 123456K, reserved 1163264K
  class space    used 17290K, committed 17856K, reserved 1048576K
}
Event: 68.636 GC heap before
{Heap before GC invocations=62 (full 0):
 garbage-first heap   total 593920K, used 271513K [0x0000000700000000, 0x0000000800000000)
  region size 2048K, 29 young (59392K), 5 survivors (10240K)
 Metaspace       used 125379K, committed 126592K, reserved 1163264K
  class space    used 17929K, committed 18432K, reserved 1048576K
}

