# JRE version: OpenJDK Runtime Environment (17.0.6) (build 17.0.6+0-b2043.56-10027231)
# Java VM: OpenJDK 64-Bit Server VM (17.0.6+0-b2043.56-10027231, mixed mode, tiered, compressed oops, compressed class ptrs, g1 gc, windows-amd64)
GC Precious Log:
 CPUs: 12 total, 12 available
 Memory: 5989M
 Large Page Support: Disabled
 NUMA Support: Disabled
 Compressed Oops: Enabled (Zero based)
 Heap Region Size: 2M
 Heap Min Capacity: 8M
 Heap Initial Capacity: 94M
 Heap Max Capacity: 4G
 Pre-touch: Disabled
 Parallel Workers: 10
 Concurrent Workers: 3
 Concurrent Refinement Workers: 10
 Periodic GC: Disabled
Heap:
 garbage-first heap   total 235520K, used 139222K [0x0000000700000000, 0x0000000800000000)
  region size 2048K, 1 young (2048K), 1 survivors (2048K)
 Metaspace       used 103494K, committed 104512K, reserved 1146880K
  class space    used 14190K, committed 14656K, reserved 1048576K
GC Heap History (20 events):
Event: 23.143 GC heap after
{Heap after GC invocations=37 (full 0):
 garbage-first heap   total 165888K, used 84053K [0x0000000700000000, 0x0000000800000000)
  region size 2048K, 4 young (8192K), 4 survivors (8192K)
 Metaspace       used 91068K, committed 91776K, reserved 1130496K
  class space    used 12514K, committed 12800K, reserved 1048576K
}
Event: 23.965 GC heap before
{Heap before GC invocations=37 (full 0):
 garbage-first heap   total 165888K, used 127061K [0x0000000700000000, 0x0000000800000000)
  region size 2048K, 26 young (53248K), 4 survivors (8192K)
 Metaspace       used 92669K, committed 93504K, reserved 1130496K
  class space    used 12773K, committed 13120K, reserved 1048576K
}
Event: 23.978 GC heap after
{Heap after GC invocations=38 (full 0):
 garbage-first heap   total 165888K, used 93943K [0x0000000700000000, 0x0000000800000000)
  region size 2048K, 4 young (8192K), 4 survivors (8192K)
 Metaspace       used 92669K, committed 93504K, reserved 1130496K
  class space    used 12773K, committed 13120K, reserved 1048576K
}
Event: 25.198 GC heap before
{Heap before GC invocations=39 (full 0):
 garbage-first heap   total 165888K, used 128759K [0x0000000700000000, 0x0000000800000000)
  region size 2048K, 22 young (45056K), 4 survivors (8192K)
 Metaspace       used 93204K, committed 94080K, reserved 1130496K
  class space    used 12836K, committed 13184K, reserved 1048576K
}
Event: 25.209 GC heap after
{Heap after GC invocations=40 (full 0):
 garbage-first heap   total 165888K, used 104599K [0x0000000700000000, 0x0000000800000000)
  region size 2048K, 3 young (6144K), 3 survivors (6144K)
 Metaspace       used 93204K, committed 94080K, reserved 1130496K
  class space    used 12836K, committed 13184K, reserved 1048576K
}
Event: 25.794 GC heap before
{Heap before GC invocations=40 (full 0):
 garbage-first heap   total 165888K, used 129175K [0x0000000700000000, 0x0000000800000000)
  region size 2048K, 16 young (32768K), 3 survivors (6144K)
 Metaspace       used 93588K, committed 94464K, reserved 1130496K
  class space    used 12880K, committed 13248K, reserved 1048576K
}
Event: 25.805 GC heap after
{Heap after GC invocations=41 (full 0):
 garbage-first heap   total 165888K, used 110732K [0x0000000700000000, 0x0000000800000000)
  region size 2048K, 2 young (4096K), 2 survivors (4096K)
 Metaspace       used 93588K, committed 94464K, reserved 1130496K
  class space    used 12880K, committed 13248K, reserved 1048576K
}
Event: 26.309 GC heap before
{Heap before GC invocations=42 (full 0):
 garbage-first heap   total 192512K, used 129164K [0x0000000700000000, 0x0000000800000000)
  region size 2048K, 12 young (24576K), 2 survivors (4096K)
 Metaspace       used 93962K, committed 94912K, reserved 1138688K
  class space    used 12923K, committed 13312K, reserved 1048576K
}
Event: 26.320 GC heap after
{Heap after GC invocations=43 (full 0):
 garbage-first heap   total 192512K, used 115841K [0x0000000700000000, 0x0000000800000000)
  region size 2048K, 2 young (4096K), 2 survivors (4096K)
 Metaspace       used 93962K, committed 94912K, reserved 1138688K
  class space    used 12923K, committed 13312K, reserved 1048576K
}
Event: 26.901 GC heap before
{Heap before GC invocations=43 (full 0):
 garbage-first heap   total 192512K, used 148609K [0x0000000700000000, 0x0000000800000000)
  region size 2048K, 18 young (36864K), 2 survivors (4096K)
 Metaspace       used 95917K, committed 96768K, reserved 1138688K
  class space    used 13212K, committed 13568K, reserved 1048576K
}
Event: 26.912 GC heap after
{Heap after GC invocations=44 (full 0):
 garbage-first heap   total 192512K, used 121129K [0x0000000700000000, 0x0000000800000000)
  region size 2048K, 3 young (6144K), 3 survivors (6144K)
 Metaspace       used 95917K, committed 96768K, reserved 1138688K
  class space    used 13212K, committed 13568K, reserved 1048576K
}
Event: 27.816 GC heap before
{Heap before GC invocations=45 (full 0):
 garbage-first heap   total 212992K, used 151849K [0x0000000700000000, 0x0000000800000000)
  region size 2048K, 18 young (36864K), 3 survivors (6144K)
 Metaspace       used 99693K, committed 100608K, reserved 1138688K
  class space    used 13748K, committed 14144K, reserved 1048576K
}
Event: 27.827 GC heap after
{Heap after GC invocations=46 (full 0):
 garbage-first heap   total 212992K, used 125264K [0x0000000700000000, 0x0000000800000000)
  region size 2048K, 3 young (6144K), 3 survivors (6144K)
 Metaspace       used 99693K, committed 100608K, reserved 1138688K
  class space    used 13748K, committed 14144K, reserved 1048576K
}
Event: 27.898 GC heap before
{Heap before GC invocations=46 (full 0):
 garbage-first heap   total 212992K, used 129360K [0x0000000700000000, 0x0000000800000000)
  region size 2048K, 5 young (10240K), 3 survivors (6144K)
 Metaspace       used 100006K, committed 100864K, reserved 1138688K
  class space    used 13781K, committed 14144K, reserved 1048576K
}
Event: 27.904 GC heap after
{Heap after GC invocations=47 (full 0):
 garbage-first heap   total 212992K, used 125421K [0x0000000700000000, 0x0000000800000000)
  region size 2048K, 1 young (2048K), 1 survivors (2048K)
 Metaspace       used 100006K, committed 100864K, reserved 1138688K
  class space    used 13781K, committed 14144K, reserved 1048576K
}
Event: 28.645 GC heap before
{Heap before GC invocations=47 (full 0):
 garbage-first heap   total 212992K, used 166381K [0x0000000700000000, 0x0000000800000000)
  region size 2048K, 21 young (43008K), 1 survivors (2048K)
 Metaspace       used 101504K, committed 102528K, reserved 1138688K
  class space    used 13978K, committed 14400K, reserved 1048576K
}
Event: 28.655 GC heap after
{Heap after GC invocations=48 (full 0):
 garbage-first heap   total 212992K, used 132453K [0x0000000700000000, 0x0000000800000000)
  region size 2048K, 3 young (6144K), 3 survivors (6144K)
 Metaspace       used 101504K, committed 102528K, reserved 1138688K
  class space    used 13978K, committed 14400K, reserved 1048576K
}
Event: 29.500 GC heap before
{Heap before GC invocations=49 (full 0):
 garbage-first heap   total 235520K, used 165221K [0x0000000700000000, 0x0000000800000000)
  region size 2048K, 20 young (40960K), 3 survivors (6144K)
 Metaspace       used 102852K, committed 103808K, reserved 1138688K
  class space    used 14129K, committed 14528K, reserved 1048576K
}
Event: 29.513 GC heap after
{Heap after GC invocations=50 (full 0):
 garbage-first heap   total 235520K, used 138781K [0x0000000700000000, 0x0000000800000000)
  region size 2048K, 3 young (6144K), 3 survivors (6144K)
 Metaspace       used 102852K, committed 103808K, reserved 1138688K
  class space    used 14129K, committed 14528K, reserved 1048576K
}
Event: 29.666 GC heap before
{Heap before GC invocations=50 (full 0):
 garbage-first heap   total 235520K, used 142877K [0x0000000700000000, 0x0000000800000000)
  region size 2048K, 5 young (10240K), 3 survivors (6144K)
 Metaspace       used 103494K, committed 104512K, reserved 1146880K
  class space    used 14190K, committed 14656K, reserved 1048576K
}

