# JRE version: OpenJDK Runtime Environment (17.0.6) (build 17.0.6+0-b2043.56-10027231)
# Java VM: OpenJDK 64-Bit Server VM (17.0.6+0-b2043.56-10027231, mixed mode, tiered, compressed oops, compressed class ptrs, g1 gc, windows-amd64)
GC Precious Log:
 CPUs: 12 total, 12 available
 Memory: 5989M
 Large Page Support: Disabled
 NUMA Support: Disabled
 Compressed Oops: Enabled (Zero based)
 Heap Region Size: 2M
 Heap Min Capacity: 8M
 Heap Initial Capacity: 94M
 Heap Max Capacity: 4G
 Pre-touch: Disabled
 Parallel Workers: 10
 Concurrent Workers: 3
 Concurrent Refinement Workers: 10
 Periodic GC: Disabled
Heap:
 garbage-first heap   total 751616K, used 195350K [0x0000000700000000, 0x0000000800000000)
  region size 2048K, 3 young (6144K), 3 survivors (6144K)
 Metaspace       used 125910K, committed 127552K, reserved 1163264K
  class space    used 16758K, committed 17536K, reserved 1048576K
GC Heap History (20 events):
Event: 8769.531 GC heap after
{Heap after GC invocations=85 (full 0):
 garbage-first heap   total 751616K, used 209678K [0x0000000700000000, 0x0000000800000000)
  region size 2048K, 15 young (30720K), 15 survivors (30720K)
 Metaspace       used 125802K, committed 127424K, reserved 1163264K
  class space    used 16812K, committed 17536K, reserved 1048576K
}
Event: 8769.645 GC heap before
{Heap before GC invocations=85 (full 0):
 garbage-first heap   total 751616K, used 215822K [0x0000000700000000, 0x0000000800000000)
  region size 2048K, 18 young (36864K), 15 survivors (30720K)
 Metaspace       used 125809K, committed 127424K, reserved 1163264K
  class space    used 16812K, committed 17536K, reserved 1048576K
}
Event: 8769.859 GC heap after
{Heap after GC invocations=86 (full 0):
 garbage-first heap   total 751616K, used 210056K [0x0000000700000000, 0x0000000800000000)
  region size 2048K, 2 young (4096K), 2 survivors (4096K)
 Metaspace       used 125809K, committed 127424K, reserved 1163264K
  class space    used 16812K, committed 17536K, reserved 1048576K
}
Event: 8770.454 GC heap before
{Heap before GC invocations=86 (full 0):
 garbage-first heap   total 751616K, used 240776K [0x0000000700000000, 0x0000000800000000)
  region size 2048K, 18 young (36864K), 2 survivors (4096K)
 Metaspace       used 125833K, committed 127488K, reserved 1163264K
  class space    used 16813K, committed 17536K, reserved 1048576K
}
Event: 8770.475 GC heap after
{Heap after GC invocations=87 (full 0):
 garbage-first heap   total 751616K, used 209850K [0x0000000700000000, 0x0000000800000000)
  region size 2048K, 2 young (4096K), 2 survivors (4096K)
 Metaspace       used 125833K, committed 127488K, reserved 1163264K
  class space    used 16813K, committed 17536K, reserved 1048576K
}
Event: 14080.070 GC heap before
{Heap before GC invocations=88 (full 0):
 garbage-first heap   total 751616K, used 723898K [0x0000000700000000, 0x0000000800000000)
  region size 2048K, 63 young (129024K), 2 survivors (4096K)
 Metaspace       used 125294K, committed 127552K, reserved 1163264K
  class space    used 16625K, committed 17536K, reserved 1048576K
}
Event: 14081.409 GC heap after
{Heap after GC invocations=89 (full 0):
 garbage-first heap   total 751616K, used 207684K [0x0000000700000000, 0x0000000800000000)
  region size 2048K, 4 young (8192K), 4 survivors (8192K)
 Metaspace       used 125294K, committed 127552K, reserved 1163264K
  class space    used 16625K, committed 17536K, reserved 1048576K
}
Event: 14082.721 GC heap before
{Heap before GC invocations=89 (full 0):
 garbage-first heap   total 751616K, used 236356K [0x0000000700000000, 0x0000000800000000)
  region size 2048K, 18 young (36864K), 4 survivors (8192K)
 Metaspace       used 125294K, committed 127552K, reserved 1163264K
  class space    used 16625K, committed 17536K, reserved 1048576K
}
Event: 14082.868 GC heap after
{Heap after GC invocations=90 (full 0):
 garbage-first heap   total 751616K, used 201940K [0x0000000700000000, 0x0000000800000000)
  region size 2048K, 1 young (2048K), 1 survivors (2048K)
 Metaspace       used 125294K, committed 127552K, reserved 1163264K
  class space    used 16625K, committed 17536K, reserved 1048576K
}
Event: 14088.883 GC heap before
{Heap before GC invocations=90 (full 0):
 garbage-first heap   total 751616K, used 236756K [0x0000000700000000, 0x0000000800000000)
  region size 2048K, 18 young (36864K), 1 survivors (2048K)
 Metaspace       used 125294K, committed 127552K, reserved 1163264K
  class space    used 16625K, committed 17536K, reserved 1048576K
}
Event: 14088.935 GC heap after
{Heap after GC invocations=91 (full 0):
 garbage-first heap   total 751616K, used 196611K [0x0000000700000000, 0x0000000800000000)
  region size 2048K, 1 young (2048K), 1 survivors (2048K)
 Metaspace       used 125294K, committed 127552K, reserved 1163264K
  class space    used 16625K, committed 17536K, reserved 1048576K
}
Event: 14231.083 GC heap before
{Heap before GC invocations=91 (full 0):
 garbage-first heap   total 751616K, used 231427K [0x0000000700000000, 0x0000000800000000)
  region size 2048K, 18 young (36864K), 1 survivors (2048K)
 Metaspace       used 125346K, committed 127552K, reserved 1163264K
  class space    used 16638K, committed 17536K, reserved 1048576K
}
Event: 14231.197 GC heap after
{Heap after GC invocations=92 (full 0):
 garbage-first heap   total 751616K, used 191691K [0x0000000700000000, 0x0000000800000000)
  region size 2048K, 1 young (2048K), 1 survivors (2048K)
 Metaspace       used 125346K, committed 127552K, reserved 1163264K
  class space    used 16638K, committed 17536K, reserved 1048576K
}
Event: 14236.198 GC heap before
{Heap before GC invocations=92 (full 0):
 garbage-first heap   total 751616K, used 224459K [0x0000000700000000, 0x0000000800000000)
  region size 2048K, 18 young (36864K), 1 survivors (2048K)
 Metaspace       used 125549K, committed 127552K, reserved 1163264K
  class space    used 16670K, committed 17536K, reserved 1048576K
}
Event: 14236.302 GC heap after
{Heap after GC invocations=93 (full 0):
 garbage-first heap   total 751616K, used 188990K [0x0000000700000000, 0x0000000800000000)
  region size 2048K, 2 young (4096K), 2 survivors (4096K)
 Metaspace       used 125549K, committed 127552K, reserved 1163264K
  class space    used 16670K, committed 17536K, reserved 1048576K
}
Event: 14240.717 GC heap before
{Heap before GC invocations=93 (full 0):
 garbage-first heap   total 751616K, used 221758K [0x0000000700000000, 0x0000000800000000)
  region size 2048K, 18 young (36864K), 2 survivors (4096K)
 Metaspace       used 125739K, committed 127552K, reserved 1163264K
  class space    used 16725K, committed 17536K, reserved 1048576K
}
Event: 14240.859 GC heap after
{Heap after GC invocations=94 (full 0):
 garbage-first heap   total 751616K, used 189556K [0x0000000700000000, 0x0000000800000000)
  region size 2048K, 3 young (6144K), 3 survivors (6144K)
 Metaspace       used 125739K, committed 127552K, reserved 1163264K
  class space    used 16725K, committed 17536K, reserved 1048576K
}
Event: 14242.694 GC heap before
{Heap before GC invocations=94 (full 0):
 garbage-first heap   total 751616K, used 220276K [0x0000000700000000, 0x0000000800000000)
  region size 2048K, 18 young (36864K), 3 survivors (6144K)
 Metaspace       used 125870K, committed 127552K, reserved 1163264K
  class space    used 16757K, committed 17536K, reserved 1048576K
}
Event: 14242.823 GC heap after
{Heap after GC invocations=95 (full 0):
 garbage-first heap   total 751616K, used 191789K [0x0000000700000000, 0x0000000800000000)
  region size 2048K, 3 young (6144K), 3 survivors (6144K)
 Metaspace       used 125870K, committed 127552K, reserved 1163264K
  class space    used 16757K, committed 17536K, reserved 1048576K
}
Event: 14243.785 GC heap before
{Heap before GC invocations=95 (full 0):
 garbage-first heap   total 751616K, used 222509K [0x0000000700000000, 0x0000000800000000)
  region size 2048K, 18 young (36864K), 3 survivors (6144K)
 Metaspace       used 125910K, committed 127552K, reserved 1163264K
  class space    used 16758K, committed 17536K, reserved 1048576K
}

