# JRE version: OpenJDK Runtime Environment (17.0.6) (build 17.0.6+0-b2043.56-10027231)
# Java VM: OpenJDK 64-Bit Server VM (17.0.6+0-b2043.56-10027231, mixed mode, tiered, compressed oops, compressed class ptrs, g1 gc, windows-amd64)
GC Precious Log:
 CPUs: 12 total, 12 available
 Memory: 5989M
 Large Page Support: Disabled
 NUMA Support: Disabled
 Compressed Oops: Enabled (Zero based)
 Heap Region Size: 2M
 Heap Min Capacity: 8M
 Heap Initial Capacity: 94M
 Heap Max Capacity: 4G
 Pre-touch: Disabled
 Parallel Workers: 10
 Concurrent Workers: 3
 Concurrent Refinement Workers: 10
 Periodic GC: Disabled
Heap:
 garbage-first heap   total 704512K, used 481110K [0x0000000700000000, 0x0000000800000000)
  region size 2048K, 137 young (280576K), 6 survivors (12288K)
 Metaspace       used 127380K, committed 128640K, reserved 1163264K
  class space    used 18155K, committed 18688K, reserved 1048576K
GC Heap History (20 events):
Event: 30.212 GC heap before
{Heap before GC invocations=51 (full 0):
 garbage-first heap   total 290816K, used 208616K [0x0000000700000000, 0x0000000800000000)
  region size 2048K, 47 young (96256K), 7 survivors (14336K)
 Metaspace       used 104866K, committed 105856K, reserved 1146880K
  class space    used 14346K, committed 14784K, reserved 1048576K
}
Event: 30.243 GC heap after
{Heap after GC invocations=52 (full 0):
 garbage-first heap   total 290816K, used 140143K [0x0000000700000000, 0x0000000800000000)
  region size 2048K, 6 young (12288K), 6 survivors (12288K)
 Metaspace       used 104866K, committed 105856K, reserved 1146880K
  class space    used 14346K, committed 14784K, reserved 1048576K
}
Event: 56.048 GC heap before
{Heap before GC invocations=52 (full 0):
 garbage-first heap   total 290816K, used 217967K [0x0000000700000000, 0x0000000800000000)
  region size 2048K, 45 young (92160K), 6 survivors (12288K)
 Metaspace       used 106389K, committed 107456K, reserved 1146880K
  class space    used 14634K, committed 15104K, reserved 1048576K
}
Event: 56.108 GC heap after
{Heap after GC invocations=53 (full 0):
 garbage-first heap   total 290816K, used 145309K [0x0000000700000000, 0x0000000800000000)
  region size 2048K, 3 young (6144K), 3 survivors (6144K)
 Metaspace       used 106389K, committed 107456K, reserved 1146880K
  class space    used 14634K, committed 15104K, reserved 1048576K
}
Event: 88.041 GC heap before
{Heap before GC invocations=53 (full 0):
 garbage-first heap   total 290816K, used 223133K [0x0000000700000000, 0x0000000800000000)
  region size 2048K, 42 young (86016K), 3 survivors (6144K)
 Metaspace       used 107616K, committed 108736K, reserved 1146880K
  class space    used 14772K, committed 15232K, reserved 1048576K
}
Event: 88.055 GC heap after
{Heap after GC invocations=54 (full 0):
 garbage-first heap   total 290816K, used 150587K [0x0000000700000000, 0x0000000800000000)
  region size 2048K, 6 young (12288K), 6 survivors (12288K)
 Metaspace       used 107616K, committed 108736K, reserved 1146880K
  class space    used 14772K, committed 15232K, reserved 1048576K
}
Event: 89.876 GC heap before
{Heap before GC invocations=55 (full 0):
 garbage-first heap   total 290816K, used 226363K [0x0000000700000000, 0x0000000800000000)
  region size 2048K, 44 young (90112K), 6 survivors (12288K)
 Metaspace       used 110130K, committed 111296K, reserved 1146880K
  class space    used 15077K, committed 15552K, reserved 1048576K
}
Event: 89.895 GC heap after
{Heap after GC invocations=56 (full 0):
 garbage-first heap   total 290816K, used 157577K [0x0000000700000000, 0x0000000800000000)
  region size 2048K, 6 young (12288K), 6 survivors (12288K)
 Metaspace       used 110130K, committed 111296K, reserved 1146880K
  class space    used 15077K, committed 15552K, reserved 1048576K
}
Event: 89.979 GC heap before
{Heap before GC invocations=56 (full 0):
 garbage-first heap   total 290816K, used 159625K [0x0000000700000000, 0x0000000800000000)
  region size 2048K, 7 young (14336K), 6 survivors (12288K)
 Metaspace       used 110251K, committed 111424K, reserved 1146880K
  class space    used 15094K, committed 15616K, reserved 1048576K
}
Event: 89.997 GC heap after
{Heap after GC invocations=57 (full 0):
 garbage-first heap   total 350208K, used 158214K [0x0000000700000000, 0x0000000800000000)
  region size 2048K, 1 young (2048K), 1 survivors (2048K)
 Metaspace       used 110251K, committed 111424K, reserved 1146880K
  class space    used 15094K, committed 15616K, reserved 1048576K
}
Event: 90.656 GC heap before
{Heap before GC invocations=57 (full 0):
 garbage-first heap   total 350208K, used 276998K [0x0000000700000000, 0x0000000800000000)
  region size 2048K, 57 young (116736K), 1 survivors (2048K)
 Metaspace       used 111953K, committed 113088K, reserved 1146880K
  class space    used 15332K, committed 15808K, reserved 1048576K
}
Event: 90.669 GC heap after
{Heap after GC invocations=58 (full 0):
 garbage-first heap   total 350208K, used 172516K [0x0000000700000000, 0x0000000800000000)
  region size 2048K, 7 young (14336K), 7 survivors (14336K)
 Metaspace       used 111953K, committed 113088K, reserved 1146880K
  class space    used 15332K, committed 15808K, reserved 1048576K
}
Event: 91.702 GC heap before
{Heap before GC invocations=59 (full 0):
 garbage-first heap   total 350208K, used 274916K [0x0000000700000000, 0x0000000800000000)
  region size 2048K, 58 young (118784K), 7 survivors (14336K)
 Metaspace       used 115875K, committed 117056K, reserved 1155072K
  class space    used 15981K, committed 16512K, reserved 1048576K
}
Event: 91.735 GC heap after
{Heap after GC invocations=60 (full 0):
 garbage-first heap   total 350208K, used 190292K [0x0000000700000000, 0x0000000800000000)
  region size 2048K, 8 young (16384K), 8 survivors (16384K)
 Metaspace       used 115875K, committed 117056K, reserved 1155072K
  class space    used 15981K, committed 16512K, reserved 1048576K
}
Event: 91.779 GC heap before
{Heap before GC invocations=60 (full 0):
 garbage-first heap   total 350208K, used 192340K [0x0000000700000000, 0x0000000800000000)
  region size 2048K, 9 young (18432K), 8 survivors (16384K)
 Metaspace       used 116200K, committed 117376K, reserved 1155072K
  class space    used 16025K, committed 16512K, reserved 1048576K
}
Event: 91.795 GC heap after
{Heap after GC invocations=61 (full 0):
 garbage-first heap   total 350208K, used 187759K [0x0000000700000000, 0x0000000800000000)
  region size 2048K, 2 young (4096K), 2 survivors (4096K)
 Metaspace       used 116200K, committed 117376K, reserved 1155072K
  class space    used 16025K, committed 16512K, reserved 1048576K
}
Event: 92.400 GC heap before
{Heap before GC invocations=61 (full 0):
 garbage-first heap   total 350208K, used 275823K [0x0000000700000000, 0x0000000800000000)
  region size 2048K, 45 young (92160K), 2 survivors (4096K)
 Metaspace       used 119460K, committed 120640K, reserved 1155072K
  class space    used 16552K, committed 17088K, reserved 1048576K
}
Event: 92.416 GC heap after
{Heap after GC invocations=62 (full 0):
 garbage-first heap   total 350208K, used 201694K [0x0000000700000000, 0x0000000800000000)
  region size 2048K, 6 young (12288K), 6 survivors (12288K)
 Metaspace       used 119460K, committed 120640K, reserved 1155072K
  class space    used 16552K, committed 17088K, reserved 1048576K
}
Event: 92.736 GC heap before
{Heap before GC invocations=62 (full 0):
 garbage-first heap   total 350208K, used 279518K [0x0000000700000000, 0x0000000800000000)
  region size 2048K, 44 young (90112K), 6 survivors (12288K)
 Metaspace       used 121009K, committed 122176K, reserved 1155072K
  class space    used 16946K, committed 17472K, reserved 1048576K
}
Event: 92.762 GC heap after
{Heap after GC invocations=63 (full 0):
 garbage-first heap   total 704512K, used 214870K [0x0000000700000000, 0x0000000800000000)
  region size 2048K, 6 young (12288K), 6 survivors (12288K)
 Metaspace       used 121009K, committed 122176K, reserved 1155072K
  class space    used 16946K, committed 17472K, reserved 1048576K
}

