# JRE version: OpenJDK Runtime Environment (17.0.6) (build 17.0.6+0-b2043.56-10027231)
# Java VM: OpenJDK 64-Bit Server VM (17.0.6+0-b2043.56-10027231, mixed mode, tiered, compressed oops, compressed class ptrs, g1 gc, windows-amd64)
GC Precious Log:
 CPUs: 12 total, 12 available
 Memory: 5989M
 Large Page Support: Disabled
 NUMA Support: Disabled
 Compressed Oops: Enabled (Zero based)
 Heap Region Size: 2M
 Heap Min Capacity: 8M
 Heap Initial Capacity: 94M
 Heap Max Capacity: 4G
 Pre-touch: Disabled
 Parallel Workers: 10
 Concurrent Workers: 3
 Concurrent Refinement Workers: 10
 Periodic GC: Disabled
Heap:
 garbage-first heap   total 542720K, used 408048K [0x0000000700000000, 0x0000000800000000)
  region size 2048K, 59 young (120832K), 2 survivors (4096K)
 Metaspace       used 138138K, committed 139392K, reserved 1171456K
  class space    used 18283K, committed 18880K, reserved 1048576K
GC Heap History (20 events):
Event: 52.021 GC heap before
{Heap before GC invocations=55 (full 0):
 garbage-first heap   total 296960K, used 176324K [0x0000000700000000, 0x0000000800000000)
  region size 2048K, 18 young (36864K), 1 survivors (2048K)
 Metaspace       used 104505K, committed 105600K, reserved 1146880K
  class space    used 14282K, committed 14720K, reserved 1048576K
}
Event: 52.041 GC heap after
{Heap after GC invocations=56 (full 0):
 garbage-first heap   total 421888K, used 141911K [0x0000000700000000, 0x0000000800000000)
  region size 2048K, 2 young (4096K), 2 survivors (4096K)
 Metaspace       used 104505K, committed 105600K, reserved 1146880K
  class space    used 14282K, committed 14720K, reserved 1048576K
}
Event: 82.262 GC heap before
{Heap before GC invocations=57 (full 0):
 garbage-first heap   total 421888K, used 313943K [0x0000000700000000, 0x0000000800000000)
  region size 2048K, 87 young (178176K), 2 survivors (4096K)
 Metaspace       used 106965K, committed 108032K, reserved 1146880K
  class space    used 14734K, committed 15232K, reserved 1048576K
}
Event: 82.276 GC heap after
{Heap after GC invocations=58 (full 0):
 garbage-first heap   total 421888K, used 144436K [0x0000000700000000, 0x0000000800000000)
  region size 2048K, 4 young (8192K), 4 survivors (8192K)
 Metaspace       used 106965K, committed 108032K, reserved 1146880K
  class space    used 14734K, committed 15232K, reserved 1048576K
}
Event: 82.527 GC heap before
{Heap before GC invocations=58 (full 0):
 garbage-first heap   total 421888K, used 154676K [0x0000000700000000, 0x0000000800000000)
  region size 2048K, 10 young (20480K), 4 survivors (8192K)
 Metaspace       used 107019K, committed 108160K, reserved 1146880K
  class space    used 14735K, committed 15232K, reserved 1048576K
}
Event: 82.569 GC heap after
{Heap after GC invocations=59 (full 0):
 garbage-first heap   total 421888K, used 144642K [0x0000000700000000, 0x0000000800000000)
  region size 2048K, 1 young (2048K), 1 survivors (2048K)
 Metaspace       used 107019K, committed 108160K, reserved 1146880K
  class space    used 14735K, committed 15232K, reserved 1048576K
}
Event: 89.912 GC heap before
{Heap before GC invocations=59 (full 0):
 garbage-first heap   total 421888K, used 349442K [0x0000000700000000, 0x0000000800000000)
  region size 2048K, 102 young (208896K), 1 survivors (2048K)
 Metaspace       used 116766K, committed 117888K, reserved 1155072K
  class space    used 15711K, committed 16192K, reserved 1048576K
}
Event: 89.925 GC heap after
{Heap after GC invocations=60 (full 0):
 garbage-first heap   total 421888K, used 151865K [0x0000000700000000, 0x0000000800000000)
  region size 2048K, 5 young (10240K), 5 survivors (10240K)
 Metaspace       used 116766K, committed 117888K, reserved 1155072K
  class space    used 15711K, committed 16192K, reserved 1048576K
}
Event: 92.219 GC heap before
{Heap before GC invocations=60 (full 0):
 garbage-first heap   total 421888K, used 348473K [0x0000000700000000, 0x0000000800000000)
  region size 2048K, 101 young (206848K), 5 survivors (10240K)
 Metaspace       used 118016K, committed 119232K, reserved 1155072K
  class space    used 15806K, committed 16320K, reserved 1048576K
}
Event: 92.233 GC heap after
{Heap after GC invocations=61 (full 0):
 garbage-first heap   total 421888K, used 159336K [0x0000000700000000, 0x0000000800000000)
  region size 2048K, 7 young (14336K), 7 survivors (14336K)
 Metaspace       used 118016K, committed 119232K, reserved 1155072K
  class space    used 15806K, committed 16320K, reserved 1048576K
}
Event: 96.772 GC heap before
{Heap before GC invocations=61 (full 0):
 garbage-first heap   total 421888K, used 355944K [0x0000000700000000, 0x0000000800000000)
  region size 2048K, 102 young (208896K), 7 survivors (14336K)
 Metaspace       used 128527K, committed 129664K, reserved 1163264K
  class space    used 17096K, committed 17600K, reserved 1048576K
}
Event: 96.790 GC heap after
{Heap after GC invocations=62 (full 0):
 garbage-first heap   total 421888K, used 168123K [0x0000000700000000, 0x0000000800000000)
  region size 2048K, 10 young (20480K), 10 survivors (20480K)
 Metaspace       used 128527K, committed 129664K, reserved 1163264K
  class space    used 17096K, committed 17600K, reserved 1048576K
}
Event: 101.974 GC heap before
{Heap before GC invocations=62 (full 0):
 garbage-first heap   total 421888K, used 354491K [0x0000000700000000, 0x0000000800000000)
  region size 2048K, 100 young (204800K), 10 survivors (20480K)
 Metaspace       used 130501K, committed 131648K, reserved 1163264K
  class space    used 17192K, committed 17664K, reserved 1048576K
}
Event: 102.019 GC heap after
{Heap after GC invocations=63 (full 0):
 garbage-first heap   total 421888K, used 181004K [0x0000000700000000, 0x0000000800000000)
  region size 2048K, 13 young (26624K), 13 survivors (26624K)
 Metaspace       used 130501K, committed 131648K, reserved 1163264K
  class space    used 17192K, committed 17664K, reserved 1048576K
}
Event: 103.745 GC heap before
{Heap before GC invocations=63 (full 0):
 garbage-first heap   total 421888K, used 273164K [0x0000000700000000, 0x0000000800000000)
  region size 2048K, 57 young (116736K), 13 survivors (26624K)
 Metaspace       used 130899K, committed 132032K, reserved 1171456K
  class space    used 17222K, committed 17728K, reserved 1048576K
}
Event: 103.770 GC heap after
{Heap after GC invocations=64 (full 0):
 garbage-first heap   total 421888K, used 179206K [0x0000000700000000, 0x0000000800000000)
  region size 2048K, 4 young (8192K), 4 survivors (8192K)
 Metaspace       used 130899K, committed 132032K, reserved 1171456K
  class space    used 17222K, committed 17728K, reserved 1048576K
}
Event: 106.378 GC heap before
{Heap before GC invocations=65 (full 0):
 garbage-first heap   total 542720K, used 467974K [0x0000000700000000, 0x0000000800000000)
  region size 2048K, 82 young (167936K), 4 survivors (8192K)
 Metaspace       used 135811K, committed 137024K, reserved 1171456K
  class space    used 17906K, committed 18432K, reserved 1048576K
}
Event: 106.394 GC heap after
{Heap after GC invocations=66 (full 0):
 garbage-first heap   total 542720K, used 294209K [0x0000000700000000, 0x0000000800000000)
  region size 2048K, 10 young (20480K), 10 survivors (20480K)
 Metaspace       used 135811K, committed 137024K, reserved 1171456K
  class space    used 17906K, committed 18432K, reserved 1048576K
}
Event: 106.441 GC heap before
{Heap before GC invocations=66 (full 0):
 garbage-first heap   total 542720K, used 300353K [0x0000000700000000, 0x0000000800000000)
  region size 2048K, 14 young (28672K), 10 survivors (20480K)
 Metaspace       used 136017K, committed 137216K, reserved 1171456K
  class space    used 17939K, committed 18432K, reserved 1048576K
}
Event: 106.459 GC heap after
{Heap after GC invocations=67 (full 0):
 garbage-first heap   total 542720K, used 295408K [0x0000000700000000, 0x0000000800000000)
  region size 2048K, 2 young (4096K), 2 survivors (4096K)
 Metaspace       used 136017K, committed 137216K, reserved 1171456K
  class space    used 17939K, committed 18432K, reserved 1048576K
}

