# JRE version: OpenJDK Runtime Environment (17.0.6) (build 17.0.6+0-b2043.56-10027231)
# Java VM: OpenJDK 64-Bit Server VM (17.0.6+0-b2043.56-10027231, mixed mode, tiered, compressed oops, compressed class ptrs, g1 gc, windows-amd64)
GC Precious Log:
 CPUs: 12 total, 12 available
 Memory: 5989M
 Large Page Support: Disabled
 NUMA Support: Disabled
 Compressed Oops: Enabled (Zero based)
 Heap Region Size: 2M
 Heap Min Capacity: 8M
 Heap Initial Capacity: 94M
 Heap Max Capacity: 4G
 Pre-touch: Disabled
 Parallel Workers: 10
 Concurrent Workers: 3
 Concurrent Refinement Workers: 10
 Periodic GC: Disabled
Heap:
 garbage-first heap   total 741376K, used 283764K [0x0000000700000000, 0x0000000800000000)
  region size 2048K, 15 young (30720K), 15 survivors (30720K)
 Metaspace       used 131543K, committed 132800K, reserved 1163264K
  class space    used 18504K, committed 19072K, reserved 1048576K
GC Heap History (20 events):
Event: 53.811 GC heap after
{Heap after GC invocations=59 (full 0):
 garbage-first heap   total 270336K, used 162712K [0x0000000700000000, 0x0000000800000000)
  region size 2048K, 4 young (8192K), 4 survivors (8192K)
 Metaspace       used 111729K, committed 112832K, reserved 1146880K
  class space    used 15322K, committed 15808K, reserved 1048576K
}
Event: 53.930 GC heap before
{Heap before GC invocations=59 (full 0):
 garbage-first heap   total 270336K, used 218008K [0x0000000700000000, 0x0000000800000000)
  region size 2048K, 32 young (65536K), 4 survivors (8192K)
 Metaspace       used 111962K, committed 113088K, reserved 1146880K
  class space    used 15376K, committed 15872K, reserved 1048576K
}
Event: 53.939 GC heap after
{Heap after GC invocations=60 (full 0):
 garbage-first heap   total 270336K, used 170455K [0x0000000700000000, 0x0000000800000000)
  region size 2048K, 4 young (8192K), 4 survivors (8192K)
 Metaspace       used 111962K, committed 113088K, reserved 1146880K
  class space    used 15376K, committed 15872K, reserved 1048576K
}
Event: 54.187 GC heap before
{Heap before GC invocations=60 (full 0):
 garbage-first heap   total 270336K, used 219607K [0x0000000700000000, 0x0000000800000000)
  region size 2048K, 29 young (59392K), 4 survivors (8192K)
 Metaspace       used 113106K, committed 114240K, reserved 1146880K
  class space    used 15547K, committed 16064K, reserved 1048576K
}
Event: 54.197 GC heap after
{Heap after GC invocations=61 (full 0):
 garbage-first heap   total 444416K, used 179106K [0x0000000700000000, 0x0000000800000000)
  region size 2048K, 4 young (8192K), 4 survivors (8192K)
 Metaspace       used 113106K, committed 114240K, reserved 1146880K
  class space    used 15547K, committed 16064K, reserved 1048576K
}
Event: 56.001 GC heap before
{Heap before GC invocations=61 (full 0):
 garbage-first heap   total 444416K, used 342946K [0x0000000700000000, 0x0000000800000000)
  region size 2048K, 84 young (172032K), 4 survivors (8192K)
 Metaspace       used 121511K, committed 122688K, reserved 1155072K
  class space    used 17093K, committed 17600K, reserved 1048576K
}
Event: 56.290 GC heap after
{Heap after GC invocations=62 (full 0):
 garbage-first heap   total 444416K, used 201515K [0x0000000700000000, 0x0000000800000000)
  region size 2048K, 11 young (22528K), 11 survivors (22528K)
 Metaspace       used 121511K, committed 122688K, reserved 1155072K
  class space    used 17093K, committed 17600K, reserved 1048576K
}
Event: 57.113 GC heap before
{Heap before GC invocations=62 (full 0):
 garbage-first heap   total 444416K, used 334635K [0x0000000700000000, 0x0000000800000000)
  region size 2048K, 76 young (155648K), 11 survivors (22528K)
 Metaspace       used 125510K, committed 126720K, reserved 1163264K
  class space    used 17842K, committed 18368K, reserved 1048576K
}
Event: 57.153 GC heap after
{Heap after GC invocations=63 (full 0):
 garbage-first heap   total 444416K, used 220241K [0x0000000700000000, 0x0000000800000000)
  region size 2048K, 10 young (20480K), 10 survivors (20480K)
 Metaspace       used 125510K, committed 126720K, reserved 1163264K
  class space    used 17842K, committed 18368K, reserved 1048576K
}
Event: 57.848 GC heap before
{Heap before GC invocations=63 (full 0):
 garbage-first heap   total 444416K, used 343121K [0x0000000700000000, 0x0000000800000000)
  region size 2048K, 70 young (143360K), 10 survivors (20480K)
 Metaspace       used 128426K, committed 129728K, reserved 1163264K
  class space    used 18267K, committed 18816K, reserved 1048576K
}
Event: 57.883 GC heap after
{Heap after GC invocations=64 (full 0):
 garbage-first heap   total 444416K, used 228365K [0x0000000700000000, 0x0000000800000000)
  region size 2048K, 5 young (10240K), 5 survivors (10240K)
 Metaspace       used 128426K, committed 129728K, reserved 1163264K
  class space    used 18267K, committed 18816K, reserved 1048576K
}
Event: 58.275 GC heap before
{Heap before GC invocations=64 (full 0):
 garbage-first heap   total 444416K, used 349197K [0x0000000700000000, 0x0000000800000000)
  region size 2048K, 65 young (133120K), 5 survivors (10240K)
 Metaspace       used 129043K, committed 130304K, reserved 1163264K
  class space    used 18348K, committed 18880K, reserved 1048576K
}
Event: 58.298 GC heap after
{Heap after GC invocations=65 (full 0):
 garbage-first heap   total 741376K, used 238592K [0x0000000700000000, 0x0000000800000000)
  region size 2048K, 9 young (18432K), 9 survivors (18432K)
 Metaspace       used 129043K, committed 130304K, reserved 1163264K
  class space    used 18348K, committed 18880K, reserved 1048576K
}
Event: 60.700 GC heap before
{Heap before GC invocations=65 (full 0):
 garbage-first heap   total 741376K, used 558080K [0x0000000700000000, 0x0000000800000000)
  region size 2048K, 166 young (339968K), 9 survivors (18432K)
 Metaspace       used 130272K, committed 131456K, reserved 1163264K
  class space    used 18430K, committed 18944K, reserved 1048576K
}
Event: 60.979 GC heap after
{Heap after GC invocations=66 (full 0):
 garbage-first heap   total 741376K, used 252928K [0x0000000700000000, 0x0000000800000000)
  region size 2048K, 16 young (32768K), 16 survivors (32768K)
 Metaspace       used 130272K, committed 131456K, reserved 1163264K
  class space    used 18430K, committed 18944K, reserved 1048576K
}
Event: 61.354 GC heap before
{Heap before GC invocations=66 (full 0):
 garbage-first heap   total 741376K, used 388096K [0x0000000700000000, 0x0000000800000000)
  region size 2048K, 83 young (169984K), 16 survivors (32768K)
 Metaspace       used 130353K, committed 131520K, reserved 1163264K
  class space    used 18432K, committed 18944K, reserved 1048576K
}
Event: 61.401 GC heap after
{Heap after GC invocations=67 (full 0):
 garbage-first heap   total 741376K, used 259834K [0x0000000700000000, 0x0000000800000000)
  region size 2048K, 5 young (10240K), 5 survivors (10240K)
 Metaspace       used 130353K, committed 131520K, reserved 1163264K
  class space    used 18432K, committed 18944K, reserved 1048576K
}
Event: 62.510 GC heap before
{Heap before GC invocations=67 (full 0):
 garbage-first heap   total 741376K, used 593658K [0x0000000700000000, 0x0000000800000000)
  region size 2048K, 169 young (346112K), 5 survivors (10240K)
 Metaspace       used 131087K, committed 132288K, reserved 1163264K
  class space    used 18497K, committed 19008K, reserved 1048576K
}
Event: 62.544 GC heap after
{Heap after GC invocations=68 (full 0):
 garbage-first heap   total 741376K, used 276823K [0x0000000700000000, 0x0000000800000000)
  region size 2048K, 13 young (26624K), 13 survivors (26624K)
 Metaspace       used 131087K, committed 132288K, reserved 1163264K
  class space    used 18497K, committed 19008K, reserved 1048576K
}
Event: 63.606 GC heap before
{Heap before GC invocations=68 (full 0):
 garbage-first heap   total 741376K, used 598359K [0x0000000700000000, 0x0000000800000000)
  region size 2048K, 171 young (350208K), 13 survivors (26624K)
 Metaspace       used 131543K, committed 132800K, reserved 1163264K
  class space    used 18504K, committed 19072K, reserved 1048576K
}

